Standard Commons Logging discovery in action with spring-jcl: please remove commons-logging.jar from classpath in order to avoid potential conflicts

  .   ____          _            __ _ _
 /\\ / ___'_ __ _ _(_)_ __  __ _ \ \ \ \
( ( )\___ | '_ | '_| | '_ \/ _` | \ \ \ \
 \\/  ___)| |_)| | | | | || (_| |  ) ) ) )
  '  |____| .__|_| |_|_| |_\__, | / / / /
 =========|_|==============|___/=/_/_/_/

 :: Spring Boot ::                (v3.3.5)

2026-05-21T17:44:04.286+08:00  INFO 240776 --- [mobile-web-backend] [           main] com.server.backend.BackendApplication    : Starting BackendApplication using Java 17.0.16 with PID 240776 (D:\mobile-web\backend\target\classes started by why20 in D:\mobile-web\backend)
2026-05-21T17:44:04.289+08:00  INFO 240776 --- [mobile-web-backend] [           main] com.server.backend.BackendApplication    : No active profile set, falling back to 1 default profile: "default"
2026-05-21T17:44:05.171+08:00  INFO 240776 --- [mobile-web-backend] [           main] o.s.b.w.embedded.tomcat.TomcatWebServer  : Tomcat initialized with port 8080 (http)
2026-05-21T17:44:05.185+08:00  INFO 240776 --- [mobile-web-backend] [           main] o.apache.catalina.core.StandardService   : Starting service [Tomcat]
2026-05-21T17:44:05.185+08:00  INFO 240776 --- [mobile-web-backend] [           main] o.apache.catalina.core.StandardEngine    : Starting Servlet engine: [Apache Tomcat/10.1.31]
2026-05-21T17:44:05.241+08:00  INFO 240776 --- [mobile-web-backend] [           main] o.a.c.c.C.[Tomcat].[localhost].[/]       : Initializing Spring embedded WebApplicationContext
2026-05-21T17:44:05.242+08:00  INFO 240776 --- [mobile-web-backend] [           main] w.s.c.ServletWebServerApplicationContext : Root WebApplicationContext: initialization completed in 911 ms
Standard Commons Logging discovery in action with spring-jcl: please remove commons-logging.jar from classpath in order to avoid potential conflicts
2026-05-21T17:44:05.265+08:00  INFO 240776 --- [mobile-web-backend] [           main] com.zaxxer.hikari.HikariDataSource       : HikariPool-1 - Starting...
2026-05-21T17:44:09.518+08:00  INFO 240776 --- [mobile-web-backend] [           main] com.zaxxer.hikari.pool.HikariPool        : HikariPool-1 - Added connection conn1: url=jdbc:h2:file:./data/mobile_web user=SA
2026-05-21T17:44:09.519+08:00  INFO 240776 --- [mobile-web-backend] [           main] com.zaxxer.hikari.HikariDataSource       : HikariPool-1 - Start completed.
2026-05-21T17:44:09.527+08:00  INFO 240776 --- [mobile-web-backend] [           main] o.s.b.a.h2.H2ConsoleAutoConfiguration    : H2 console available at '/h2-console'. Database available at 'jdbc:h2:file:./data/mobile_web'
2026-05-21T17:44:10.053+08:00  INFO 240776 --- [mobile-web-backend] [           main] o.s.b.w.embedded.tomcat.TomcatWebServer  : Tomcat started on port 8080 (http) with context path '/'
2026-05-21T17:44:10.060+08:00  INFO 240776 --- [mobile-web-backend] [           main] com.server.backend.BackendApplication    : Started BackendApplication in 6.105 seconds (process running for 6.374)
2026-05-21T17:44:39.326+08:00  INFO 240776 --- [mobile-web-backend] [nio-8080-exec-1] o.a.c.c.C.[Tomcat].[localhost].[/]       : Initializing Spring DispatcherServlet 'dispatcherServlet'
2026-05-21T17:44:39.326+08:00  INFO 240776 --- [mobile-web-backend] [nio-8080-exec-1] o.s.web.servlet.DispatcherServlet        : Initializing Servlet 'dispatcherServlet'
2026-05-21T17:44:39.327+08:00  INFO 240776 --- [mobile-web-backend] [nio-8080-exec-1] o.s.web.servlet.DispatcherServlet        : Completed initialization in 0 ms
